2020-05-26 22:02:09,611 [Worker-3: Loading available Gradle versions] INFO  o.e.b.c.i.u.g.PublishedGradleVersions - Gradle version information cache is up-to-date. Trying to read.
2020-05-26 22:03:15,267 [Worker-9: Importing Maven projects] INFO  o.e.m.c.i.l.LifecycleMappingFactory - Using org.eclipse.m2e.jdt.JarLifecycleMapping lifecycle mapping for MavenProject: com.library:library-int-tests:0.0.1-SNAPSHOT @ /home/sasindu/IdeaProjects/library-int-tests/pom.xml.
2020-05-26 22:03:15,479 [Worker-9: Importing Maven projects] INFO  o.e.m.c.i.p.WorkspaceClassifierResolverManager - Resolving P/library-model: com.library:library-model:0.0.1-SNAPSHOT with classifier  to /library-model/target/classes
2020-05-26 22:03:15,481 [Worker-9: Importing Maven projects] INFO  o.e.m.c.i.p.WorkspaceClassifierResolverManager - Resolving P/library-model: com.library:library-model:0.0.1-SNAPSHOT with classifier tests to /library-model/target/test-classes
2020-05-26 22:03:15,482 [Worker-9: Importing Maven projects] INFO  o.e.m.c.i.p.WorkspaceClassifierResolverManager - Resolving P/library-resource: com.library:library-resource:0.0.1-SNAPSHOT with classifier  to /library-resource/target/classes
2020-05-26 22:03:15,482 [Worker-9: Importing Maven projects] INFO  o.e.m.c.i.p.WorkspaceClassifierResolverManager - Resolving P/library-resource: com.library:library-resource:0.0.1-SNAPSHOT with classifier tests to /library-resource/target/test-classes
2020-05-26 22:03:15,543 [Worker-9: Importing Maven projects] INFO  o.e.m.c.i.l.LifecycleMappingFactory - Using org.eclipse.m2e.jdt.JarLifecycleMapping lifecycle mapping for MavenProject: com.library:library-model:0.0.1-SNAPSHOT @ /home/sasindu/IdeaProjects/library-model/pom.xml.
2020-05-26 22:03:15,595 [Worker-9: Importing Maven projects] INFO  o.e.m.c.i.l.LifecycleMappingFactory - Using org.eclipse.m2e.jdt.JarLifecycleMapping lifecycle mapping for MavenProject: com.library:library-resource:0.0.1-SNAPSHOT @ /home/sasindu/IdeaProjects/library-resource/pom.xml.
2020-05-26 22:03:15,600 [Worker-9: Importing Maven projects] INFO  o.e.m.c.i.p.WorkspaceClassifierResolverManager - Resolving P/library-model: com.library:library-model:0.0.1-SNAPSHOT with classifier  to /library-model/target/classes
2020-05-26 22:03:15,603 [Worker-9: Importing Maven projects] INFO  o.e.m.c.i.p.WorkspaceClassifierResolverManager - Resolving P/library-model: com.library:library-model:0.0.1-SNAPSHOT with classifier tests to /library-model/target/test-classes
2020-05-26 22:03:15,628 [Worker-9: Importing Maven projects] INFO  o.e.m.c.i.l.LifecycleMappingFactory - Using org.eclipse.m2e.jdt.JarLifecycleMapping lifecycle mapping for MavenProject: com.library:library-int-tests:0.0.1-SNAPSHOT @ /home/sasindu/IdeaProjects/library-int-tests/pom.xml.
2020-05-26 22:03:15,635 [Worker-9: Importing Maven projects] INFO  o.e.m.c.i.p.WorkspaceClassifierResolverManager - Resolving P/library-model: com.library:library-model:0.0.1-SNAPSHOT with classifier  to /library-model/target/classes
2020-05-26 22:03:15,635 [Worker-9: Importing Maven projects] INFO  o.e.m.c.i.p.WorkspaceClassifierResolverManager - Resolving P/library-model: com.library:library-model:0.0.1-SNAPSHOT with classifier tests to /library-model/target/test-classes
2020-05-26 22:03:15,636 [Worker-9: Importing Maven projects] INFO  o.e.m.c.i.p.WorkspaceClassifierResolverManager - Resolving P/library-resource: com.library:library-resource:0.0.1-SNAPSHOT with classifier  to /library-resource/target/classes
2020-05-26 22:03:15,636 [Worker-9: Importing Maven projects] INFO  o.e.m.c.i.p.WorkspaceClassifierResolverManager - Resolving P/library-resource: com.library:library-resource:0.0.1-SNAPSHOT with classifier tests to /library-resource/target/test-classes
2020-05-26 22:03:16,635 [Worker-9: Importing Maven projects] INFO  o.e.m.j.i.AbstractJavaProjectConfigurator - Adding source folder /library-model/src/main/java
2020-05-26 22:03:16,636 [Worker-9: Importing Maven projects] INFO  o.e.m.j.i.AbstractJavaProjectConfigurator - Adding resource folder /library-model/src/main/resources
2020-05-26 22:03:16,641 [Worker-9: Importing Maven projects] INFO  o.e.m.j.i.AbstractJavaProjectConfigurator - Adding source folder /library-model/src/test/java
2020-05-26 22:03:16,641 [Worker-9: Importing Maven projects] INFO  o.e.m.j.i.AbstractJavaProjectConfigurator - Adding resource folder /library-model/src/test/resources
2020-05-26 22:03:17,463 [Worker-9: Importing Maven projects] INFO  o.e.m.j.i.AbstractJavaProjectConfigurator - Adding source folder /library-resource/src/main/java
2020-05-26 22:03:17,463 [Worker-9: Importing Maven projects] INFO  o.e.m.j.i.AbstractJavaProjectConfigurator - Adding resource folder /library-resource/src/main/resources
2020-05-26 22:03:17,466 [Worker-9: Importing Maven projects] INFO  o.e.m.j.i.AbstractJavaProjectConfigurator - Adding source folder /library-resource/src/test/java
2020-05-26 22:03:17,467 [Worker-9: Importing Maven projects] INFO  o.e.m.j.i.AbstractJavaProjectConfigurator - Adding resource folder /library-resource/src/test/resources
2020-05-26 22:03:17,631 [Worker-9: Importing Maven projects] INFO  o.e.m.j.i.AbstractJavaProjectConfigurator - Adding source folder /library-int-tests/src/main/java
2020-05-26 22:03:17,631 [Worker-9: Importing Maven projects] INFO  o.e.m.j.i.AbstractJavaProjectConfigurator - Adding resource folder /library-int-tests/src/main/resources
2020-05-26 22:03:17,634 [Worker-9: Importing Maven projects] INFO  o.e.m.j.i.AbstractJavaProjectConfigurator - Adding source folder /library-int-tests/src/test/java
2020-05-26 22:03:17,634 [Worker-9: Importing Maven projects] INFO  o.e.m.j.i.AbstractJavaProjectConfigurator - Adding resource folder /library-int-tests/src/test/resources
2020-05-26 22:03:17,704 [Worker-9: Importing Maven projects] INFO  o.e.m.c.i.p.ProjectConfigurationManager - Imported and configured 3 project(s) in 3 sec
2020-05-26 22:03:19,215 [Worker-9: Building] INFO  o.e.m.c.i.embedder.EclipseLogger - Using 'UTF-8' encoding to copy filtered resources.
2020-05-26 22:03:19,220 [Worker-9: Building] INFO  o.e.m.c.i.embedder.EclipseLogger - Copying 0 resource
2020-05-26 22:03:19,224 [Worker-9: Building] INFO  o.e.m.c.i.embedder.EclipseLogger - Using 'UTF-8' encoding to copy filtered resources.
2020-05-26 22:03:19,224 [Worker-9: Building] INFO  o.e.m.c.i.embedder.EclipseLogger - Copying 1 resource
2020-05-26 22:03:19,666 [Worker-9: Building] INFO  o.e.m.c.i.p.WorkspaceClassifierResolverManager - Resolving P/library-model: com.library:library-model:0.0.1-SNAPSHOT with classifier  to /library-model/target/classes
2020-05-26 22:03:19,669 [Worker-9: Building] INFO  o.e.m.c.i.p.WorkspaceClassifierResolverManager - Resolving P/library-model: com.library:library-model:0.0.1-SNAPSHOT with classifier tests to /library-model/target/test-classes
2020-05-26 22:03:19,676 [Worker-9: Building] INFO  o.e.m.c.i.embedder.EclipseLogger - Using 'UTF-8' encoding to copy filtered resources.
2020-05-26 22:03:19,676 [Worker-9: Building] INFO  o.e.m.c.i.embedder.EclipseLogger - Copying 0 resource
2020-05-26 22:03:19,678 [Worker-9: Building] INFO  o.e.m.c.i.embedder.EclipseLogger - Using 'UTF-8' encoding to copy filtered resources.
2020-05-26 22:03:19,680 [Worker-9: Building] INFO  o.e.m.c.i.embedder.EclipseLogger - Copying 9 resources
2020-05-26 22:03:19,816 [Worker-9: Building] INFO  o.e.m.c.i.p.WorkspaceClassifierResolverManager - Resolving P/library-model: com.library:library-model:0.0.1-SNAPSHOT with classifier  to /library-model/target/classes
2020-05-26 22:03:19,816 [Worker-9: Building] INFO  o.e.m.c.i.p.WorkspaceClassifierResolverManager - Resolving P/library-model: com.library:library-model:0.0.1-SNAPSHOT with classifier tests to /library-model/target/test-classes
2020-05-26 22:03:19,817 [Worker-9: Building] INFO  o.e.m.c.i.p.WorkspaceClassifierResolverManager - Resolving P/library-resource: com.library:library-resource:0.0.1-SNAPSHOT with classifier  to /library-resource/target/classes
2020-05-26 22:03:19,817 [Worker-9: Building] INFO  o.e.m.c.i.p.WorkspaceClassifierResolverManager - Resolving P/library-resource: com.library:library-resource:0.0.1-SNAPSHOT with classifier tests to /library-resource/target/test-classes
2020-05-26 22:03:19,825 [Worker-9: Building] INFO  o.e.m.c.i.embedder.EclipseLogger - Using 'UTF-8' encoding to copy filtered resources.
2020-05-26 22:03:19,826 [Worker-9: Building] INFO  o.e.m.c.i.embedder.EclipseLogger - Copying 0 resource
2020-05-26 22:03:19,828 [Worker-9: Building] INFO  o.e.m.c.i.embedder.EclipseLogger - Using 'UTF-8' encoding to copy filtered resources.
2020-05-26 22:03:19,829 [Worker-9: Building] INFO  o.e.m.c.i.embedder.EclipseLogger - Copying 4 resources
2020-05-26 22:05:44,574 [Worker-1: Loading available Gradle versions] INFO  o.e.b.c.i.u.g.PublishedGradleVersions - Gradle version information cache is up-to-date. Trying to read.
2020-05-26 22:05:47,644 [Worker-4: Building] INFO  o.e.m.c.i.p.WorkspaceClassifierResolverManager - Resolving P/library-model: com.library:library-model:0.0.1-SNAPSHOT with classifier  to /library-model/target/classes
2020-05-26 22:05:47,650 [Worker-4: Building] INFO  o.e.m.c.i.p.WorkspaceClassifierResolverManager - Resolving P/library-model: com.library:library-model:0.0.1-SNAPSHOT with classifier tests to /library-model/target/test-classes
2020-05-26 22:05:48,266 [Worker-4: Building] INFO  o.e.m.c.i.embedder.EclipseLogger - Using 'UTF-8' encoding to copy filtered resources.
2020-05-26 22:05:48,294 [Worker-4: Building] INFO  o.e.m.c.i.embedder.EclipseLogger - Copying 0 resource
2020-05-26 22:05:48,301 [Worker-4: Building] INFO  o.e.m.c.i.embedder.EclipseLogger - Using 'UTF-8' encoding to copy filtered resources.
2020-05-26 22:05:48,305 [Worker-4: Building] INFO  o.e.m.c.i.embedder.EclipseLogger - Copying 9 resources
2020-05-26 22:05:48,648 [Worker-4: Building] INFO  o.e.m.c.i.p.WorkspaceClassifierResolverManager - Resolving P/library-model: com.library:library-model:0.0.1-SNAPSHOT with classifier  to /library-model/target/classes
2020-05-26 22:05:48,649 [Worker-4: Building] INFO  o.e.m.c.i.p.WorkspaceClassifierResolverManager - Resolving P/library-model: com.library:library-model:0.0.1-SNAPSHOT with classifier tests to /library-model/target/test-classes
2020-05-26 22:05:48,649 [Worker-4: Building] INFO  o.e.m.c.i.p.WorkspaceClassifierResolverManager - Resolving P/library-resource: com.library:library-resource:0.0.1-SNAPSHOT with classifier  to /library-resource/target/classes
2020-05-26 22:05:48,650 [Worker-4: Building] INFO  o.e.m.c.i.p.WorkspaceClassifierResolverManager - Resolving P/library-resource: com.library:library-resource:0.0.1-SNAPSHOT with classifier tests to /library-resource/target/test-classes
2020-05-26 22:05:48,662 [Worker-4: Building] INFO  o.e.m.c.i.embedder.EclipseLogger - Using 'UTF-8' encoding to copy filtered resources.
2020-05-26 22:05:48,662 [Worker-4: Building] INFO  o.e.m.c.i.embedder.EclipseLogger - Copying 0 resource
2020-05-26 22:05:48,664 [Worker-4: Building] INFO  o.e.m.c.i.embedder.EclipseLogger - Using 'UTF-8' encoding to copy filtered resources.
2020-05-26 22:05:48,665 [Worker-4: Building] INFO  o.e.m.c.i.embedder.EclipseLogger - Copying 4 resources
2020-05-26 22:06:36,343 [Worker-2: Loading available Gradle versions] INFO  o.e.b.c.i.u.g.PublishedGradleVersions - Gradle version information cache is up-to-date. Trying to read.
2020-05-26 22:08:42,647 [Worker-1: Loading available Gradle versions] INFO  o.e.b.c.i.u.g.PublishedGradleVersions - Gradle version information cache is up-to-date. Trying to read.
2020-05-26 22:09:12,386 [Worker-1: Loading available Gradle versions] INFO  o.e.b.c.i.u.g.PublishedGradleVersions - Gradle version information cache is up-to-date. Trying to read.
2020-05-26 22:11:09,493 [Worker-6: Loading available Gradle versions] INFO  o.e.b.c.i.u.g.PublishedGradleVersions - Gradle version information cache is up-to-date. Trying to read.
2020-05-26 22:14:45,092 [Worker-0: Importing Maven projects] INFO  o.e.m.c.i.l.LifecycleMappingFactory - Using org.eclipse.m2e.jdt.JarLifecycleMapping lifecycle mapping for MavenProject: com.library:library-int-tests:0.0.1-SNAPSHOT @ /home/sasindu/IdeaProjects/library-int-tests/pom.xml.
2020-05-26 22:14:45,231 [Worker-0: Importing Maven projects] INFO  o.e.m.c.i.p.WorkspaceClassifierResolverManager - Resolving P/library-model: com.library:library-model:0.0.1-SNAPSHOT with classifier  to /library-model/target/classes
2020-05-26 22:14:45,232 [Worker-0: Importing Maven projects] INFO  o.e.m.c.i.p.WorkspaceClassifierResolverManager - Resolving P/library-model: com.library:library-model:0.0.1-SNAPSHOT with classifier tests to /library-model/target/test-classes
2020-05-26 22:14:45,232 [Worker-0: Importing Maven projects] INFO  o.e.m.c.i.p.WorkspaceClassifierResolverManager - Resolving P/library-resource: com.library:library-resource:0.0.1-SNAPSHOT with classifier  to /library-resource/target/classes
2020-05-26 22:14:45,232 [Worker-0: Importing Maven projects] INFO  o.e.m.c.i.p.WorkspaceClassifierResolverManager - Resolving P/library-resource: com.library:library-resource:0.0.1-SNAPSHOT with classifier tests to /library-resource/target/test-classes
2020-05-26 22:14:45,273 [Worker-0: Importing Maven projects] INFO  o.e.m.c.i.l.LifecycleMappingFactory - Using org.eclipse.m2e.jdt.JarLifecycleMapping lifecycle mapping for MavenProject: com.library:library-model:0.0.1-SNAPSHOT @ /home/sasindu/IdeaProjects/library-model/pom.xml.
2020-05-26 22:14:45,304 [Worker-0: Importing Maven projects] INFO  o.e.m.c.i.l.LifecycleMappingFactory - Using NULL lifecycle mapping for MavenProject: com.library:library-app:0.0.1-SNAPSHOT @ /home/sasindu/Documents/2020.04.28 Windows backup/Acadamics/E/LibraryManagementApp Code/2015-03-30_08-44-49__category-13/library-app/pom.xml.
2020-05-26 22:14:45,332 [Worker-0: Importing Maven projects] INFO  o.e.m.c.i.l.LifecycleMappingFactory - Using org.eclipse.m2e.jdt.JarLifecycleMapping lifecycle mapping for MavenProject: com.library:library-resource:0.0.1-SNAPSHOT @ /home/sasindu/IdeaProjects/library-resource/pom.xml.
2020-05-26 22:14:45,337 [Worker-0: Importing Maven projects] INFO  o.e.m.c.i.p.WorkspaceClassifierResolverManager - Resolving P/library-model: com.library:library-model:0.0.1-SNAPSHOT with classifier  to /library-model/target/classes
2020-05-26 22:14:45,339 [Worker-0: Importing Maven projects] INFO  o.e.m.c.i.p.WorkspaceClassifierResolverManager - Resolving P/library-model: com.library:library-model:0.0.1-SNAPSHOT with classifier tests to /library-model/target/test-classes
2020-05-26 22:14:45,362 [Worker-0: Importing Maven projects] INFO  o.e.m.c.i.l.LifecycleMappingFactory - Using org.eclipse.m2e.jdt.JarLifecycleMapping lifecycle mapping for MavenProject: com.library:library-int-tests:0.0.1-SNAPSHOT @ /home/sasindu/IdeaProjects/library-int-tests/pom.xml.
2020-05-26 22:14:45,369 [Worker-0: Importing Maven projects] INFO  o.e.m.c.i.p.WorkspaceClassifierResolverManager - Resolving P/library-model: com.library:library-model:0.0.1-SNAPSHOT with classifier  to /library-model/target/classes
2020-05-26 22:14:45,369 [Worker-0: Importing Maven projects] INFO  o.e.m.c.i.p.WorkspaceClassifierResolverManager - Resolving P/library-model: com.library:library-model:0.0.1-SNAPSHOT with classifier tests to /library-model/target/test-classes
2020-05-26 22:14:45,370 [Worker-0: Importing Maven projects] INFO  o.e.m.c.i.p.WorkspaceClassifierResolverManager - Resolving P/library-resource: com.library:library-resource:0.0.1-SNAPSHOT with classifier  to /library-resource/target/classes
2020-05-26 22:14:45,370 [Worker-0: Importing Maven projects] INFO  o.e.m.c.i.p.WorkspaceClassifierResolverManager - Resolving P/library-resource: com.library:library-resource:0.0.1-SNAPSHOT with classifier tests to /library-resource/target/test-classes
2020-05-26 22:14:45,397 [Worker-0: Importing Maven projects] INFO  o.e.m.c.i.l.LifecycleMappingFactory - Using org.eclipse.m2e.jdt.JarLifecycleMapping lifecycle mapping for MavenProject: com.library:library-model:0.0.1-SNAPSHOT @ /home/sasindu/IdeaProjects/library-model/pom.xml.
2020-05-26 22:14:46,431 [Worker-0: Importing Maven projects] INFO  o.e.m.c.i.p.ProjectConfigurationManager - Imported and configured 1 project(s) in 2 sec
2020-05-26 22:14:47,912 [Worker-0: Building] INFO  o.e.m.c.i.embedder.EclipseLogger - Using 'UTF-8' encoding to copy filtered resources.
2020-05-26 22:14:47,917 [Worker-0: Building] INFO  o.e.m.c.i.embedder.EclipseLogger - Copying 0 resource
2020-05-26 22:14:47,920 [Worker-0: Building] INFO  o.e.m.c.i.embedder.EclipseLogger - Using 'UTF-8' encoding to copy filtered resources.
2020-05-26 22:14:47,921 [Worker-0: Building] INFO  o.e.m.c.i.embedder.EclipseLogger - Copying 1 resource
2020-05-26 22:14:48,361 [Worker-0: Building] INFO  o.e.m.c.i.p.WorkspaceClassifierResolverManager - Resolving P/library-model: com.library:library-model:0.0.1-SNAPSHOT with classifier  to /library-model/target/classes
2020-05-26 22:14:48,363 [Worker-0: Building] INFO  o.e.m.c.i.p.WorkspaceClassifierResolverManager - Resolving P/library-model: com.library:library-model:0.0.1-SNAPSHOT with classifier tests to /library-model/target/test-classes
2020-05-26 22:14:48,368 [Worker-0: Building] INFO  o.e.m.c.i.embedder.EclipseLogger - Using 'UTF-8' encoding to copy filtered resources.
2020-05-26 22:14:48,368 [Worker-0: Building] INFO  o.e.m.c.i.embedder.EclipseLogger - Copying 0 resource
2020-05-26 22:14:48,370 [Worker-0: Building] INFO  o.e.m.c.i.embedder.EclipseLogger - Using 'UTF-8' encoding to copy filtered resources.
2020-05-26 22:14:48,375 [Worker-0: Building] INFO  o.e.m.c.i.embedder.EclipseLogger - Copying 9 resources
2020-05-26 22:14:48,514 [Worker-0: Building] INFO  o.e.m.c.i.p.WorkspaceClassifierResolverManager - Resolving P/library-model: com.library:library-model:0.0.1-SNAPSHOT with classifier  to /library-model/target/classes
2020-05-26 22:14:48,514 [Worker-0: Building] INFO  o.e.m.c.i.p.WorkspaceClassifierResolverManager - Resolving P/library-model: com.library:library-model:0.0.1-SNAPSHOT with classifier tests to /library-model/target/test-classes
2020-05-26 22:14:48,514 [Worker-0: Building] INFO  o.e.m.c.i.p.WorkspaceClassifierResolverManager - Resolving P/library-resource: com.library:library-resource:0.0.1-SNAPSHOT with classifier  to /library-resource/target/classes
2020-05-26 22:14:48,514 [Worker-0: Building] INFO  o.e.m.c.i.p.WorkspaceClassifierResolverManager - Resolving P/library-resource: com.library:library-resource:0.0.1-SNAPSHOT with classifier tests to /library-resource/target/test-classes
2020-05-26 22:14:48,547 [Worker-0: Building] INFO  o.e.m.c.i.embedder.EclipseLogger - Using 'UTF-8' encoding to copy filtered resources.
2020-05-26 22:14:48,547 [Worker-0: Building] INFO  o.e.m.c.i.embedder.EclipseLogger - Copying 0 resource
2020-05-26 22:14:48,549 [Worker-0: Building] INFO  o.e.m.c.i.embedder.EclipseLogger - Using 'UTF-8' encoding to copy filtered resources.
2020-05-26 22:14:48,550 [Worker-0: Building] INFO  o.e.m.c.i.embedder.EclipseLogger - Copying 4 resources
2020-05-26 22:15:59,618 [Worker-15: Building] INFO  o.e.m.c.i.embedder.EclipseLogger - Using 'UTF-8' encoding to copy filtered resources.
2020-05-26 22:15:59,638 [Worker-15: Building] INFO  o.e.m.c.i.embedder.EclipseLogger - Copying 0 resource
2020-05-26 22:15:59,640 [Worker-15: Building] INFO  o.e.m.c.i.embedder.EclipseLogger - Using 'UTF-8' encoding to copy filtered resources.
2020-05-26 22:15:59,641 [Worker-15: Building] INFO  o.e.m.c.i.embedder.EclipseLogger - Copying 0 resource
